1733264154016:clear
1733264158623:help
1733264164274:clear
1733264171589:quit
1733265934286:join-room test
1733265980473:add song C:\\Users\\cespe\\Downloads\\RetroDealership.mp3
1733265992738:add-song C:\\Users\\cespe\\Downloads\\RetroDealership.mp3
1733266007971:add-song "C:\\Users\\cespe\\Downloads\\RetroDealership.mp3"
1733383513118:help
1733383520646:join test
1733383527823:add Despacito
1733383556575:clear
1733383562712:join test
1733383567959:add arcane
1733383618664:join miti
1733383622576:add arcane
1733383732123:join test
1733383740835:add ishas song
1733383852926:join test
1733383876174:add major lazer lean
1733383943360:join test
1733383947472:add https://www.youtube.com/watch?v=MDAm3o4LsGI
1733384069179:joint test
1733384072899:join test
1733384077075:add https://www.youtube.com/watch?v=MDAm3o4LsGI
1733384120972:join miti
1733384124788:add https://www.youtube.com/watch?v=WPDpgSBEWaI
